<?xml version="1.0" encoding="UTF-8"?>
<testng-results ignored="0" total="2" passed="2" failed="0" skipped="0">
  <reporter-output>
  </reporter-output>
  <suite started-at="2024-08-29T15:41:50 IST" name="Suite" finished-at="2024-08-29T15:42:03 IST" duration-ms="12867">
    <groups>
    </groups>
    <test started-at="2024-08-29T15:41:50 IST" name="Test" finished-at="2024-08-29T15:42:03 IST" duration-ms="12867">
      <class name="testCases.TC_001_LoginPage_valid">
        <test-method is-config="true" signature="setup(java.lang.String,java.lang.String)[pri:0, instance:testCases.TC_001_LoginPage_valid@5e01a982]" started-at="2024-08-29T15:41:50 IST" name="setup" finished-at="2024-08-29T15:41:55 IST" duration-ms="4205" status="PASS">
          <params>
            <param index="0">
              <value>
                <![CDATA[windows]]>
              </value>
            </param>
            <param index="1">
              <value>
                <![CDATA[chrome]]>
              </value>
            </param>
          </params>
          <reporter-output>
          </reporter-output>
        </test-method> <!-- setup -->
        <test-method signature="verifyLoginWithValidCredentials()[pri:0, instance:testCases.TC_001_LoginPage_valid@5e01a982]" started-at="2024-08-29T15:41:55 IST" name="verifyLoginWithValidCredentials" finished-at="2024-08-29T15:42:00 IST" duration-ms="5630" status="PASS">
          <reporter-output>
          </reporter-output>
        </test-method> <!-- verifyLoginWithValidCredentials -->
        <test-method is-config="true" signature="tearDown()[pri:0, instance:testCases.TC_001_LoginPage_valid@5e01a982]" started-at="2024-08-29T15:42:00 IST" name="tearDown" finished-at="2024-08-29T15:42:00 IST" duration-ms="0" status="PASS">
          <reporter-output>
          </reporter-output>
        </test-method> <!-- tearDown -->
      </class> <!-- testCases.TC_001_LoginPage_valid -->
      <class name="testCases.TC_002_LoginPage_invalid">
        <test-method is-config="true" signature="setup(java.lang.String,java.lang.String)[pri:0, instance:testCases.TC_002_LoginPage_invalid@c5ee75e]" started-at="2024-08-29T15:42:00 IST" name="setup" finished-at="2024-08-29T15:42:03 IST" duration-ms="2561" status="PASS">
          <params>
            <param index="0">
              <value>
                <![CDATA[windows]]>
              </value>
            </param>
            <param index="1">
              <value>
                <![CDATA[chrome]]>
              </value>
            </param>
          </params>
          <reporter-output>
          </reporter-output>
        </test-method> <!-- setup -->
        <test-method signature="verifyLoginWithInvalidCred()[pri:0, instance:testCases.TC_002_LoginPage_invalid@c5ee75e]" started-at="2024-08-29T15:42:03 IST" name="verifyLoginWithInvalidCred" finished-at="2024-08-29T15:42:03 IST" duration-ms="406" status="PASS">
          <reporter-output>
          </reporter-output>
        </test-method> <!-- verifyLoginWithInvalidCred -->
        <test-method is-config="true" signature="tearDown()[pri:0, instance:testCases.TC_002_LoginPage_invalid@c5ee75e]" started-at="2024-08-29T15:42:03 IST" name="tearDown" finished-at="2024-08-29T15:42:03 IST" duration-ms="1" status="PASS">
          <reporter-output>
          </reporter-output>
        </test-method> <!-- tearDown -->
      </class> <!-- testCases.TC_002_LoginPage_invalid -->
    </test> <!-- Test -->
  </suite> <!-- Suite -->
</testng-results>
